C:\Users\airwizard\documents\visual studio 2010\Projects\ECDSA_cuda_implementation\ECDSA_cuda_implementation\Release\bnadd.cu.cache
C:\Users\airwizard\documents\visual studio 2010\Projects\ECDSA_cuda_implementation\ECDSA_cuda_implementation\Release\bnadd.cu.obj
C:\USERS\AIRWIZARD\DOCUMENTS\VISUAL STUDIO 2010\PROJECTS\ECDSA_CUDA_IMPLEMENTATION\ECDSA_CUDA_IMPLEMENTATION\RELEASE\ECDSA_CUDA_IMPLEMENTATION.EXE.EMBED.MANIFEST
C:\USERS\AIRWIZARD\DOCUMENTS\VISUAL STUDIO 2010\PROJECTS\ECDSA_CUDA_IMPLEMENTATION\ECDSA_CUDA_IMPLEMENTATION\RELEASE\ECDSA_CUDA_IMPLEMENTATION.EXE.EMBED.MANIFEST.RES
C:\USERS\AIRWIZARD\DOCUMENTS\VISUAL STUDIO 2010\PROJECTS\ECDSA_CUDA_IMPLEMENTATION\ECDSA_CUDA_IMPLEMENTATION\RELEASE\ECDSA_CUDA_IMPLEMENTATION.EXE.INTERMEDIATE.MANIFEST
C:\Users\airwizard\documents\visual studio 2010\Projects\ECDSA_cuda_implementation\ECDSA_cuda_implementation\Release\ECDSA_cuda_implementation_manifest.rc
C:\Users\airwizard\documents\visual studio 2010\Projects\ECDSA_cuda_implementation\ECDSA_cuda_implementation\Release\kernel.cu.cache
C:\Users\airwizard\documents\visual studio 2010\Projects\ECDSA_cuda_implementation\ECDSA_cuda_implementation\Release\kernel.cu.obj
C:\Users\airwizard\documents\visual studio 2010\Projects\ECDSA_cuda_implementation\ECDSA_cuda_implementation\Release\link.command.1.tlog
C:\Users\airwizard\documents\visual studio 2010\Projects\ECDSA_cuda_implementation\ECDSA_cuda_implementation\Release\link.read.1.tlog
C:\Users\airwizard\documents\visual studio 2010\Projects\ECDSA_cuda_implementation\ECDSA_cuda_implementation\Release\link.write.1.tlog
C:\Users\airwizard\documents\visual studio 2010\Projects\ECDSA_cuda_implementation\ECDSA_cuda_implementation\Release\link-cvtres.read.1.tlog
C:\Users\airwizard\documents\visual studio 2010\Projects\ECDSA_cuda_implementation\ECDSA_cuda_implementation\Release\link-cvtres.write.1.tlog
C:\Users\airwizard\documents\visual studio 2010\Projects\ECDSA_cuda_implementation\ECDSA_cuda_implementation\Release\mt.command.1.tlog
C:\Users\airwizard\documents\visual studio 2010\Projects\ECDSA_cuda_implementation\ECDSA_cuda_implementation\Release\mt.read.1.tlog
C:\Users\airwizard\documents\visual studio 2010\Projects\ECDSA_cuda_implementation\ECDSA_cuda_implementation\Release\mt.write.1.tlog
C:\Users\airwizard\documents\visual studio 2010\Projects\ECDSA_cuda_implementation\ECDSA_cuda_implementation\Release\rc.command.1.tlog
C:\Users\airwizard\documents\visual studio 2010\Projects\ECDSA_cuda_implementation\ECDSA_cuda_implementation\Release\rc.read.1.tlog
C:\Users\airwizard\documents\visual studio 2010\Projects\ECDSA_cuda_implementation\ECDSA_cuda_implementation\Release\rc.write.1.tlog
C:\USERS\AIRWIZARD\DOCUMENTS\VISUAL STUDIO 2010\PROJECTS\ECDSA_CUDA_IMPLEMENTATION\RELEASE\ECDSA_CUDA_IMPLEMENTATION.EXE
C:\USERS\AIRWIZARD\DOCUMENTS\VISUAL STUDIO 2010\PROJECTS\ECDSA_CUDA_IMPLEMENTATION\RELEASE\ECDSA_CUDA_IMPLEMENTATION.PDB
