Build started 15-Mar-13 7:28:23 PM.
     1>Project "C:\Users\airwizard\documents\visual studio 2010\Projects\ECDSA_cuda_implementation\ECDSA_cuda_implementation\ECDSA_cuda_implementation.vcxproj" on node 2 (build target(s)).
     1>InitializeBuildStatus:
         Touching "Release\ECDSA_cuda_implementation.unsuccessfulbuild".
       AddCudaCompileDeps:
       Skipping target "AddCudaCompileDeps" because all output files are up-to-date with respect to the input files.
       AddCudaCompileDeps:
         c:\Program Files (x86)\Microsoft Visual Studio 10.0\VC\bin\cl.exe /E /nologo /showIncludes /TP /D__CUDACC__ /I"C:\Program Files\NVIDIA GPU Computing Toolkit\CUDA\v4.2\bin" /I"C:\Program Files\NVIDIA GPU Computing Toolkit\CUDA\v4.2\include" /I. /FIcuda_runtime.h /c "C:\Users\airwizard\documents\visual studio 2010\Projects\ECDSA_cuda_implementation\ECDSA_cuda_implementation\kernel.cu" 
       AddCudaCompilePropsDeps:
       Skipping target "AddCudaCompilePropsDeps" because all output files are up-to-date with respect to the input files.
       AddCudaCompilePropsDeps:
       Skipping target "AddCudaCompilePropsDeps" because all output files are up-to-date with respect to the input files.
       CudaBuild:
       Skipping target "CudaBuild" because all output files are up-to-date with respect to the input files.
       CudaBuild:
         Compiling CUDA source file kernel.cu...
         cmd.exe /C "C:\Users\airwizard\AppData\Local\Temp\68288568d1564c00975f2e77b5a5c81e.cmd"
         "C:\Program Files\NVIDIA GPU Computing Toolkit\CUDA\v4.2\bin\nvcc.exe" -gencode=arch=compute_20,code=\"sm_20,compute_20\" --use-local-env --cl-version 2010 -ccbin "c:\Program Files (x86)\Microsoft Visual Studio 10.0\VC\bin"  -I"C:\Program Files\NVIDIA GPU Computing Toolkit\CUDA\v4.2\include"    --keep-dir "Release" -maxrregcount=0  --machine 32 --compile      -Xcompiler "/EHsc /nologo /Od /Zi  /MD  " -o "Release\kernel.cu.obj" "C:\Users\airwizard\documents\visual studio 2010\Projects\ECDSA_cuda_implementation\ECDSA_cuda_implementation\kernel.cu"
         
         C:\Users\airwizard\documents\visual studio 2010\Projects\ECDSA_cuda_implementation\ECDSA_cuda_implementation>"C:\Program Files\NVIDIA GPU Computing Toolkit\CUDA\v4.2\bin\nvcc.exe" -gencode=arch=compute_20,code=\"sm_20,compute_20\" --use-local-env --cl-version 2010 -ccbin "c:\Program Files (x86)\Microsoft Visual Studio 10.0\VC\bin"  -I"C:\Program Files\NVIDIA GPU Computing Toolkit\CUDA\v4.2\include"    --keep-dir "Release" -maxrregcount=0  --machine 32 --compile      -Xcompiler "/EHsc /nologo /Od /Zi  /MD  " -o "Release\kernel.cu.obj" "C:\Users\airwizard\documents\visual studio 2010\Projects\ECDSA_cuda_implementation\ECDSA_cuda_implementation\kernel.cu" 
         kernel.cu
     1>c:\users\airwizard\documents\visual studio 2010\projects\ecdsa_cuda_implementation\ecdsa_cuda_implementation\EC_double_jacobian.cuh(168): warning : subscript out of range
         
     1>c:\users\airwizard\documents\visual studio 2010\projects\ecdsa_cuda_implementation\ecdsa_cuda_implementation\EC_double_jacobian.cuh(97): warning : variable "x3_shared" was declared but never referenced
         
     1>C:/Users/airwizard/documents/visual studio 2010/Projects/ECDSA_cuda_implementation/ECDSA_cuda_implementation/kernel.cu(91): warning : transfer of control bypasses initialization of:
                     variable "t"
         (177): here
         
     1>C:/Users/airwizard/documents/visual studio 2010/Projects/ECDSA_cuda_implementation/ECDSA_cuda_implementation/kernel.cu(98): warning : transfer of control bypasses initialization of:
                     variable "t"
         (177): here
         
     1>C:/Users/airwizard/documents/visual studio 2010/Projects/ECDSA_cuda_implementation/ECDSA_cuda_implementation/kernel.cu(104): warning : transfer of control bypasses initialization of:
                     variable "t"
         (177): here
         
     1>C:/Users/airwizard/documents/visual studio 2010/Projects/ECDSA_cuda_implementation/ECDSA_cuda_implementation/kernel.cu(110): warning : transfer of control bypasses initialization of:
                     variable "t"
         (177): here
         
     1>C:/Users/airwizard/documents/visual studio 2010/Projects/ECDSA_cuda_implementation/ECDSA_cuda_implementation/kernel.cu(116): warning : transfer of control bypasses initialization of:
                     variable "t"
         (177): here
         
     1>C:/Users/airwizard/documents/visual studio 2010/Projects/ECDSA_cuda_implementation/ECDSA_cuda_implementation/kernel.cu(122): warning : transfer of control bypasses initialization of:
                     variable "t"
         (177): here
         
     1>C:/Users/airwizard/documents/visual studio 2010/Projects/ECDSA_cuda_implementation/ECDSA_cuda_implementation/kernel.cu(128): warning : transfer of control bypasses initialization of:
                     variable "t"
         (177): here
         
     1>C:/Users/airwizard/documents/visual studio 2010/Projects/ECDSA_cuda_implementation/ECDSA_cuda_implementation/kernel.cu(138): warning : transfer of control bypasses initialization of:
                     variable "t"
         (177): here
         
     1>C:/Users/airwizard/documents/visual studio 2010/Projects/ECDSA_cuda_implementation/ECDSA_cuda_implementation/kernel.cu(144): warning : transfer of control bypasses initialization of:
                     variable "t"
         (177): here
         
     1>C:/Users/airwizard/documents/visual studio 2010/Projects/ECDSA_cuda_implementation/ECDSA_cuda_implementation/kernel.cu(150): warning : transfer of control bypasses initialization of:
                     variable "t"
         (177): here
         
     1>C:/Users/airwizard/documents/visual studio 2010/Projects/ECDSA_cuda_implementation/ECDSA_cuda_implementation/kernel.cu(156): warning : transfer of control bypasses initialization of:
                     variable "t"
         (177): here
         
     1>C:/Users/airwizard/documents/visual studio 2010/Projects/ECDSA_cuda_implementation/ECDSA_cuda_implementation/kernel.cu(162): warning : transfer of control bypasses initialization of:
                     variable "t"
         (177): here
         
         tmpxft_00001f84_00000000-0_kernel.cudafe1.gpu
         tmpxft_00001f84_00000000-5_kernel.cudafe2.gpu
         kernel.cu
     1>c:\users\airwizard\documents\visual studio 2010\projects\ecdsa_cuda_implementation\ecdsa_cuda_implementation\EC_double_jacobian.cuh(168): warning : subscript out of range
         
     1>c:\users\airwizard\documents\visual studio 2010\projects\ecdsa_cuda_implementation\ecdsa_cuda_implementation\EC_double_jacobian.cuh(97): warning : variable "x3_shared" was declared but never referenced
         
     1>C:/Users/airwizard/documents/visual studio 2010/Projects/ECDSA_cuda_implementation/ECDSA_cuda_implementation/kernel.cu(91): warning : transfer of control bypasses initialization of:
                     variable "t"
         (177): here
         
     1>C:/Users/airwizard/documents/visual studio 2010/Projects/ECDSA_cuda_implementation/ECDSA_cuda_implementation/kernel.cu(98): warning : transfer of control bypasses initialization of:
                     variable "t"
         (177): here
         
     1>C:/Users/airwizard/documents/visual studio 2010/Projects/ECDSA_cuda_implementation/ECDSA_cuda_implementation/kernel.cu(104): warning : transfer of control bypasses initialization of:
                     variable "t"
         (177): here
         
     1>C:/Users/airwizard/documents/visual studio 2010/Projects/ECDSA_cuda_implementation/ECDSA_cuda_implementation/kernel.cu(110): warning : transfer of control bypasses initialization of:
                     variable "t"
         (177): here
         
     1>C:/Users/airwizard/documents/visual studio 2010/Projects/ECDSA_cuda_implementation/ECDSA_cuda_implementation/kernel.cu(116): warning : transfer of control bypasses initialization of:
                     variable "t"
         (177): here
         
     1>C:/Users/airwizard/documents/visual studio 2010/Projects/ECDSA_cuda_implementation/ECDSA_cuda_implementation/kernel.cu(122): warning : transfer of control bypasses initialization of:
                     variable "t"
         (177): here
         
     1>C:/Users/airwizard/documents/visual studio 2010/Projects/ECDSA_cuda_implementation/ECDSA_cuda_implementation/kernel.cu(128): warning : transfer of control bypasses initialization of:
                     variable "t"
         (177): here
         
     1>C:/Users/airwizard/documents/visual studio 2010/Projects/ECDSA_cuda_implementation/ECDSA_cuda_implementation/kernel.cu(138): warning : transfer of control bypasses initialization of:
                     variable "t"
         (177): here
         
     1>C:/Users/airwizard/documents/visual studio 2010/Projects/ECDSA_cuda_implementation/ECDSA_cuda_implementation/kernel.cu(144): warning : transfer of control bypasses initialization of:
                     variable "t"
         (177): here
         
     1>C:/Users/airwizard/documents/visual studio 2010/Projects/ECDSA_cuda_implementation/ECDSA_cuda_implementation/kernel.cu(150): warning : transfer of control bypasses initialization of:
                     variable "t"
         (177): here
         
     1>C:/Users/airwizard/documents/visual studio 2010/Projects/ECDSA_cuda_implementation/ECDSA_cuda_implementation/kernel.cu(156): warning : transfer of control bypasses initialization of:
                     variable "t"
         (177): here
         
     1>C:/Users/airwizard/documents/visual studio 2010/Projects/ECDSA_cuda_implementation/ECDSA_cuda_implementation/kernel.cu(162): warning : transfer of control bypasses initialization of:
                     variable "t"
         (177): here
         
         tmpxft_00001f84_00000000-0_kernel.cudafe1.cpp
         tmpxft_00001f84_00000000-11_kernel.ii
       ManifestResourceCompile:
         All outputs are up-to-date.
       Link:
         c:\Program Files (x86)\Microsoft Visual Studio 10.0\VC\bin\link.exe /ERRORREPORT:PROMPT /OUT:"C:\Users\airwizard\documents\visual studio 2010\Projects\ECDSA_cuda_implementation\Release\ECDSA_cuda_implementation.exe" /INCREMENTAL /NOLOGO /LIBPATH:"C:\Program Files\NVIDIA GPU Computing Toolkit\CUDA\v4.2\lib\Win32" cudart.lib kernel32.lib user32.lib gdi32.lib winspool.lib comdlg32.lib advapi32.lib shell32.lib ole32.lib oleaut32.lib uuid.lib odbc32.lib odbccp32.lib kernel32.lib user32.lib gdi32.lib winspool.lib comdlg32.lib advapi32.lib shell32.lib ole32.lib oleaut32.lib uuid.lib odbc32.lib odbccp32.lib /MANIFEST /ManifestFile:"Release\ECDSA_cuda_implementation.exe.intermediate.manifest" /MANIFESTUAC:"level='asInvoker' uiAccess='false'" /DEBUG /PDB:"C:\Users\airwizard\documents\visual studio 2010\Projects\ECDSA_cuda_implementation\Release\ECDSA_cuda_implementation.pdb" /SUBSYSTEM:CONSOLE /OPT:REF /OPT:ICF /LTCG /TLBID:1 /DYNAMICBASE /NXCOMPAT /IMPLIB:"C:\Users\airwizard\documents\visual studio 2010\Projects\ECDSA_cuda_implementation\Release\ECDSA_cuda_implementation.lib" /MACHINE:X86 Release\bnadd.cu.obj
         Release\kernel.cu.obj
         Release\ECDSA_cuda_implementation.exe.embed.manifest.res
     1>LINK : warning LNK4075: ignoring '/INCREMENTAL' due to '/LTCG' specification
         LINK : /LTCG specified but no code generation required; remove /LTCG from the link command line to improve linker performance
       Manifest:
         C:\Program Files (x86)\Microsoft SDKs\Windows\v7.0A\bin\mt.exe /nologo /verbose /out:"Release\ECDSA_cuda_implementation.exe.embed.manifest" /manifest Release\ECDSA_cuda_implementation.exe.intermediate.manifest
         All outputs are up-to-date.
       LinkEmbedManifest:
         All outputs are up-to-date.
         ECDSA_cuda_implementation.vcxproj -> C:\Users\airwizard\documents\visual studio 2010\Projects\ECDSA_cuda_implementation\Release\ECDSA_cuda_implementation.exe
       PostBuildEvent:
         echo copy "C:\Program Files\NVIDIA GPU Computing Toolkit\CUDA\v4.2\bin\cudart*.dll" "C:\Users\airwizard\documents\visual studio 2010\Projects\ECDSA_cuda_implementation\Release\"
         copy "C:\Program Files\NVIDIA GPU Computing Toolkit\CUDA\v4.2\bin\cudart*.dll" "C:\Users\airwizard\documents\visual studio 2010\Projects\ECDSA_cuda_implementation\Release\"
         :VCEnd
         copy "C:\Program Files\NVIDIA GPU Computing Toolkit\CUDA\v4.2\bin\cudart*.dll" "C:\Users\airwizard\documents\visual studio 2010\Projects\ECDSA_cuda_implementation\Release\"
         C:\Program Files\NVIDIA GPU Computing Toolkit\CUDA\v4.2\bin\cudart32_42_9.dll
         C:\Program Files\NVIDIA GPU Computing Toolkit\CUDA\v4.2\bin\cudart64_42_9.dll
                 2 file(s) copied.
       FinalizeBuildStatus:
         Deleting file "Release\ECDSA_cuda_implementation.unsuccessfulbuild".
         Touching "Release\ECDSA_cuda_implementation.lastbuildstate".
     1>Done Building Project "C:\Users\airwizard\documents\visual studio 2010\Projects\ECDSA_cuda_implementation\ECDSA_cuda_implementation\ECDSA_cuda_implementation.vcxproj" (build target(s)).

Build succeeded.

Time Elapsed 00:00:20.68
